{"created": 1766205981.4979887, "duration": 44.916014432907104, "exitcode": 0, "root": "D:\\pytest_jenkins", "environment": {}, "summary": {"passed": 1, "failed": 1, "total": 2, "collected": 4}, "collectors": [{"nodeid": "", "outcome": "passed", "result": [{"nodeid": "Test_cases", "type": "Dir"}]}, {"nodeid": "Test_cases/test_a_device_info.py", "outcome": "passed", "result": []}, {"nodeid": "Test_cases/test_acs_connection.py", "outcome": "passed", "result": [{"nodeid": "Test_cases/test_acs_connection.py::test_acs_connection", "type": "Function", "lineno": 8}]}, {"nodeid": "Test_cases/test_internet_dhcp.py", "outcome": "passed", "result": [{"nodeid": "Test_cases/test_internet_dhcp.py::test_wan_dhcp_ping_jd", "type": "Function", "lineno": 9}]}, {"nodeid": "Test_cases/test_internet_pppoe.py", "outcome": "passed", "result": [{"nodeid": "Test_cases/test_internet_pppoe.py::test_wan_pppoe_ping_jd", "type": "Function", "lineno": 9}]}, {"nodeid": "Test_cases/test_internet_static.py", "outcome": "passed", "result": [{"nodeid": "Test_cases/test_internet_static.py::test_wan_static_ping_jd", "type": "Function", "lineno": 9}]}, {"nodeid": "Test_cases", "outcome": "passed", "result": [{"nodeid": "Test_cases/test_a_device_info.py", "type": "Module"}, {"nodeid": "Test_cases/test_acs_connection.py", "type": "Module"}, {"nodeid": "Test_cases/test_internet_dhcp.py", "type": "Module"}, {"nodeid": "Test_cases/test_internet_pppoe.py", "type": "Module"}, {"nodeid": "Test_cases/test_internet_static.py", "type": "Module"}]}], "tests": [{"nodeid": "Test_cases/test_acs_connection.py::test_acs_connection", "lineno": 8, "outcome": "passed", "keywords": ["test_acs_connection", "test_acs_connection.py", "Test_cases", "pytest_jenkins", ""], "setup": {"duration": 2.99454839999089, "outcome": "passed"}, "call": {"duration": 32.20051150000654, "outcome": "passed"}, "teardown": {"duration": 2.2591039999970235, "outcome": "passed"}}, {"nodeid": "Test_cases/test_internet_dhcp.py::test_wan_dhcp_ping_jd", "lineno": 9, "outcome": "failed", "keywords": ["test_wan_dhcp_ping_jd", "test_internet_dhcp.py", "Test_cases", "pytest_jenkins", ""], "setup": {"duration": 1.396558799984632, "outcome": "passed"}, "call": {"duration": 1.871483700000681, "outcome": "failed", "crash": {"path": "D:\\python_evn\\Lib\\site-packages\\selenium\\webdriver\\remote\\errorhandler.py", "lineno": 232, "message": "selenium.common.exceptions.NoSuchWindowException: Message: no such window: target window already closed\nfrom unknown error: web view not found\n  (Session info: chrome=126.0.6478.127)\nStacktrace:\n\tGetHandleVerifier [0x00007FF7043EEEC2+31554]\n\t(No symbol) [0x00007FF704367EF9]\n\t(No symbol) [0x00007FF70422872A]\n\t(No symbol) [0x00007FF7041FD995]\n\t(No symbol) [0x00007FF7042A44D7]\n\t(No symbol) [0x00007FF7042BC051]\n\t(No symbol) [0x00007FF70429CDD3]\n\t(No symbol) [0x00007FF70426A33B]\n\t(No symbol) [0x00007FF70426AED1]\n\tGetHandleVerifier [0x00007FF7046F8B5D+3217373]\n\tGetHandleVerifier [0x00007FF704745B23+3532707]\n\tGetHandleVerifier [0x00007FF70473B120+3489184]\n\tGetHandleVerifier [0x00007FF70449E796+750614]\n\t(No symbol) [0x00007FF70437377F]\n\t(No symbol) [0x00007FF70436EB34]\n\t(No symbol) [0x00007FF70436ECC2]\n\t(No symbol) [0x00007FF70435E18F]\n\tBaseThreadInitThunk [0x00007FFDED667374+20]\n\tRtlUserThreadStart [0x00007FFDEF19CC91+33]"}, "traceback": [{"path": "Test_cases\\test_internet_dhcp.py", "lineno": 14, "message": ""}, {"path": "conftest.py", "lineno": 34, "message": "in login"}, {"path": "D:\\python_evn\\Lib\\site-packages\\selenium\\webdriver\\support\\wait.py", "lineno": 113, "message": "in until"}, {"path": "D:\\python_evn\\Lib\\site-packages\\selenium\\webdriver\\support\\expected_conditions.py", "lineno": 92, "message": "in _predicate"}, {"path": "D:\\python_evn\\Lib\\site-packages\\selenium\\webdriver\\remote\\webdriver.py", "lineno": 802, "message": "in find_element"}, {"path": "D:\\python_evn\\Lib\\site-packages\\selenium\\webdriver\\remote\\webdriver.py", "lineno": 432, "message": "in execute"}, {"path": "D:\\python_evn\\Lib\\site-packages\\selenium\\webdriver\\remote\\errorhandler.py", "lineno": 232, "message": "NoSuchWindowException"}], "longrepr": "driver = <selenium.webdriver.chrome.webdriver.WebDriver (session=\"e4d3649f24b43144828e93a689e67a84\")>\n\n    def test_wan_dhcp_ping_jd(driver):\n        \"\"\"\u6d4b\u8bd5 WAN DHCP \u6a21\u5f0f + Ping www.jd.com \u8fde\u901a\u6027\"\"\"\n    \n        # ========== 1. \u767b\u5f55 ==========\n>       login(driver)\n\nTest_cases\\test_internet_dhcp.py:14: \n_ _ _ _ _ _ _ _ _ _ _ _ _ _ _ _ _ _ _ _ _ _ _ _ _ _ _ _ _ _ _ _ _ _ _ _ _ _ _ _\nconftest.py:34: in login\n    username = wait.until(EC.presence_of_element_located((By.CSS_SELECTOR, ec.login_username_field)))\n               ^^^^^^^^^^^^^^^^^^^^^^^^^^^^^^^^^^^^^^^^^^^^^^^^^^^^^^^^^^^^^^^^^^^^^^^^^^^^^^^^^^^^^^\nD:\\python_evn\\Lib\\site-packages\\selenium\\webdriver\\support\\wait.py:113: in until\n    value = method(self._driver)\n            ^^^^^^^^^^^^^^^^^^^^\nD:\\python_evn\\Lib\\site-packages\\selenium\\webdriver\\support\\expected_conditions.py:92: in _predicate\n    return driver.find_element(*locator)\n           ^^^^^^^^^^^^^^^^^^^^^^^^^^^^^\nD:\\python_evn\\Lib\\site-packages\\selenium\\webdriver\\remote\\webdriver.py:802: in find_element\n    return self.execute(Command.FIND_ELEMENT, {\"using\": by, \"value\": value})[\"value\"]\n           ^^^^^^^^^^^^^^^^^^^^^^^^^^^^^^^^^^^^^^^^^^^^^^^^^^^^^^^^^^^^^^^^^\nD:\\python_evn\\Lib\\site-packages\\selenium\\webdriver\\remote\\webdriver.py:432: in execute\n    self.error_handler.check_response(response)\n_ _ _ _ _ _ _ _ _ _ _ _ _ _ _ _ _ _ _ _ _ _ _ _ _ _ _ _ _ _ _ _ _ _ _ _ _ _ _ _\n\nself = <selenium.webdriver.remote.errorhandler.ErrorHandler object at 0x000001D543AB1D90>\nresponse = {'status': 404, 'value': '{\"value\":{\"error\":\"no such window\",\"message\":\"no such window: target window already closed\\\\...07FF70435E18F]\\\\n\\\\tBaseThreadInitThunk [0x00007FFDED667374+20]\\\\n\\\\tRtlUserThreadStart [0x00007FFDEF19CC91+33]\\\\n\"}}'}\n\n    def check_response(self, response: dict[str, Any]) -> None:\n        \"\"\"Check that a JSON response from the WebDriver does not have an error.\n    \n        Args:\n            response: The JSON response from the WebDriver server as a dictionary\n                object.\n    \n        Raises:\n            WebDriverException: If the response contains an error message.\n        \"\"\"\n        status = response.get(\"status\", None)\n        if not status or status == ErrorCode.SUCCESS:\n            return\n        value = None\n        message = response.get(\"message\", \"\")\n        screen: str = response.get(\"screen\", \"\")\n        stacktrace = None\n        if isinstance(status, int):\n            value_json = response.get(\"value\", None)\n            if value_json and isinstance(value_json, str):\n                try:\n                    value = json.loads(value_json)\n                    if isinstance(value, dict):\n                        if len(value) == 1:\n                            value = value[\"value\"]\n                        status = value.get(\"error\", None)\n                        if not status:\n                            status = value.get(\"status\", ErrorCode.UNKNOWN_ERROR)\n                            message = value.get(\"value\") or value.get(\"message\")\n                            if not isinstance(message, str):\n                                value = message\n                                message = message.get(\"message\") if isinstance(message, dict) else None\n                        else:\n                            message = value.get(\"message\", None)\n                except ValueError:\n                    pass\n    \n        exception_class: type[WebDriverException]\n        e = ErrorCode()\n        error_codes = [item for item in dir(e) if not item.startswith(\"__\")]\n        for error_code in error_codes:\n            error_info = getattr(ErrorCode, error_code)\n            if isinstance(error_info, list) and status in error_info:\n                exception_class = getattr(ExceptionMapping, error_code, WebDriverException)\n                break\n        else:\n            exception_class = WebDriverException\n    \n        if not value:\n            value = response[\"value\"]\n        if isinstance(value, str):\n            raise exception_class(value)\n        if message == \"\" and \"message\" in value:\n            message = value[\"message\"]\n    \n        screen = None  # type: ignore[assignment]\n        if \"screen\" in value:\n            screen = value[\"screen\"]\n    \n        stacktrace = None\n        st_value = value.get(\"stackTrace\") or value.get(\"stacktrace\")\n        if st_value:\n            if isinstance(st_value, str):\n                stacktrace = st_value.split(\"\\n\")\n            else:\n                stacktrace = []\n                try:\n                    for frame in st_value:\n                        line = frame.get(\"lineNumber\", \"\")\n                        file = frame.get(\"fileName\", \"<anonymous>\")\n                        if line:\n                            file = f\"{file}:{line}\"\n                        meth = frame.get(\"methodName\", \"<anonymous>\")\n                        if \"className\" in frame:\n                            meth = f\"{frame['className']}.{meth}\"\n                        msg = \"    at %s (%s)\"\n                        msg = msg % (meth, file)\n                        stacktrace.append(msg)\n                except TypeError:\n                    pass\n        if exception_class == UnexpectedAlertPresentException:\n            alert_text = None\n            if \"data\" in value:\n                alert_text = value[\"data\"].get(\"text\")\n            elif \"alert\" in value:\n                alert_text = value[\"alert\"].get(\"text\")\n            raise exception_class(message, screen, stacktrace, alert_text)  # type: ignore[call-arg]  # mypy is not smart enough here\n>       raise exception_class(message, screen, stacktrace)\nE       selenium.common.exceptions.NoSuchWindowException: Message: no such window: target window already closed\nE       from unknown error: web view not found\nE         (Session info: chrome=126.0.6478.127)\nE       Stacktrace:\nE       \tGetHandleVerifier [0x00007FF7043EEEC2+31554]\nE       \t(No symbol) [0x00007FF704367EF9]\nE       \t(No symbol) [0x00007FF70422872A]\nE       \t(No symbol) [0x00007FF7041FD995]\nE       \t(No symbol) [0x00007FF7042A44D7]\nE       \t(No symbol) [0x00007FF7042BC051]\nE       \t(No symbol) [0x00007FF70429CDD3]\nE       \t(No symbol) [0x00007FF70426A33B]\nE       \t(No symbol) [0x00007FF70426AED1]\nE       \tGetHandleVerifier [0x00007FF7046F8B5D+3217373]\nE       \tGetHandleVerifier [0x00007FF704745B23+3532707]\nE       \tGetHandleVerifier [0x00007FF70473B120+3489184]\nE       \tGetHandleVerifier [0x00007FF70449E796+750614]\nE       \t(No symbol) [0x00007FF70437377F]\nE       \t(No symbol) [0x00007FF70436EB34]\nE       \t(No symbol) [0x00007FF70436ECC2]\nE       \t(No symbol) [0x00007FF70435E18F]\nE       \tBaseThreadInitThunk [0x00007FFDED667374+20]\nE       \tRtlUserThreadStart [0x00007FFDEF19CC91+33]\n\nD:\\python_evn\\Lib\\site-packages\\selenium\\webdriver\\remote\\errorhandler.py:232: NoSuchWindowException"}, "teardown": {"duration": 2.0872891999897547, "outcome": "passed"}}]}